<?xml version="1.0" encoding="UTF-8" ?>
<testsuite tests="7" failures="0" name="LectisTest" time="0.002" errors="0" skipped="0">
  <properties>
[...]
</properties>
  <testcase classname="LectisTest" name="testLineaComentario" time="0.001"/>
  <testcase classname="LectisTest" name="testLineaLibroOk" time="0.001"/>
  <testcase classname="LectisTest" name="testLineaColumnasInsuficientes" time="0"/>
  <testcase classname="LectisTest" name="testGeneroRecomendadoOk" time="0"/>
  <testcase classname="LectisTest" name="testNoHayRecomendaciones" time="0"/>
  <testcase classname="LectisTest" name="testLineaLectorOk" time="0"/>
  <testcase classname="LectisTest" name="testRecomendacionPorGeneroOk" time="0"/>
</testsuite>